<?xml version="1.0" encoding="UTF-8"?>
<coverage generated="1563861194153" clover="3.2.0">
  <project timestamp="1563861194153" name="All files">
    <metrics statements="67" coveredstatements="33" conditionals="36" coveredconditionals="18" methods="39" coveredmethods="13" elements="142" coveredelements="64" complexity="0" loc="67" ncloc="67" packages="7" files="13" classes="13"/>
    <package name="core.state">
      <metrics statements="6" coveredstatements="4" conditionals="0" coveredconditionals="0" methods="2" coveredmethods="0"/>
      <file name="actions.js" path="C:\Sudhir\Projects\FrontCamp\ReactJs\ReactJs\src\core\state\actions.js">
        <metrics statements="6" coveredstatements="4" conditionals="0" coveredconditionals="0" methods="2" coveredmethods="0"/>
        <line num="2" count="2" type="stmt"/>
        <line num="3" count="2" type="stmt"/>
        <line num="36" count="2" type="stmt"/>
        <line num="37" count="0" type="stmt"/>
        <line num="43" count="2" type="stmt"/>
        <line num="44" count="0" type="stmt"/>
      </file>
    </package>
    <package name="features.details">
      <metrics statements="10" coveredstatements="6" conditionals="24" coveredconditionals="17" methods="6" coveredmethods="3"/>
      <file name="container.js" path="C:\Sudhir\Projects\FrontCamp\ReactJs\ReactJs\src\features\details\container.js">
        <metrics statements="10" coveredstatements="6" conditionals="24" coveredconditionals="17" methods="6" coveredmethods="3"/>
        <line num="8" count="1" type="stmt"/>
        <line num="9" count="1" type="stmt"/>
        <line num="12" count="1" type="cond" truecount="2" falsecount="2"/>
        <line num="13" count="0" type="stmt"/>
        <line num="14" count="0" type="stmt"/>
        <line num="20" count="1" type="stmt"/>
        <line num="21" count="0" type="stmt"/>
        <line num="22" count="0" type="stmt"/>
        <line num="27" count="1" type="stmt"/>
        <line num="51" count="1" type="stmt"/>
      </file>
    </package>
    <package name="features.search">
      <metrics statements="20" coveredstatements="8" conditionals="8" coveredconditionals="0" methods="9" coveredmethods="3"/>
      <file name="container.js" path="C:\Sudhir\Projects\FrontCamp\ReactJs\ReactJs\src\features\search\container.js">
        <metrics statements="16" coveredstatements="7" conditionals="8" coveredconditionals="0" methods="8" coveredmethods="3"/>
        <line num="11" count="1" type="stmt"/>
        <line num="12" count="1" type="stmt"/>
        <line num="17" count="1" type="stmt"/>
        <line num="18" count="0" type="stmt"/>
        <line num="19" count="0" type="stmt"/>
        <line num="26" count="0" type="cond" truecount="0" falsecount="4"/>
        <line num="27" count="0" type="cond" truecount="0" falsecount="2"/>
        <line num="28" count="0" type="cond" truecount="0" falsecount="2"/>
        <line num="29" count="0" type="stmt"/>
        <line num="30" count="0" type="stmt"/>
        <line num="35" count="1" type="stmt"/>
        <line num="36" count="0" type="stmt"/>
        <line num="37" count="0" type="stmt"/>
        <line num="41" count="1" type="stmt"/>
        <line num="42" count="1" type="stmt"/>
        <line num="55" count="1" type="stmt"/>
      </file>
      <file name="utils.js" path="C:\Sudhir\Projects\FrontCamp\ReactJs\ReactJs\src\features\search\utils.js">
        <metrics statements="4" coveredstatements="1" conditionals="0" coveredconditionals="0" methods="1" coveredmethods="0"/>
        <line num="1" count="1" type="stmt"/>
        <line num="3" count="0" type="stmt"/>
        <line num="4" count="0" type="stmt"/>
        <line num="6" count="0" type="stmt"/>
      </file>
    </package>
    <package name="features.search.search-form">
      <metrics statements="19" coveredstatements="9" conditionals="2" coveredconditionals="0" methods="14" coveredmethods="4"/>
      <file name="component.js" path="C:\Sudhir\Projects\FrontCamp\ReactJs\ReactJs\src\features\search\search-form\component.js">
        <metrics statements="6" coveredstatements="2" conditionals="0" coveredconditionals="0" methods="5" coveredmethods="1"/>
        <line num="4" count="2" type="stmt"/>
        <line num="5" count="1" type="stmt"/>
        <line num="20" count="0" type="stmt"/>
        <line num="21" count="0" type="stmt"/>
        <line num="25" count="0" type="stmt"/>
        <line num="26" count="0" type="stmt"/>
      </file>
      <file name="container.js" path="C:\Sudhir\Projects\FrontCamp\ReactJs\ReactJs\src\features\search\search-form\container.js">
        <metrics statements="13" coveredstatements="7" conditionals="2" coveredconditionals="0" methods="9" coveredmethods="3"/>
        <line num="8" count="1" type="stmt"/>
        <line num="11" count="1" type="stmt"/>
        <line num="12" count="0" type="cond" truecount="0" falsecount="2"/>
        <line num="13" count="0" type="stmt"/>
        <line num="17" count="1" type="stmt"/>
        <line num="18" count="0" type="stmt"/>
        <line num="21" count="1" type="stmt"/>
        <line num="22" count="0" type="stmt"/>
        <line num="27" count="1" type="stmt"/>
        <line num="34" count="2" type="stmt"/>
        <line num="40" count="2" type="stmt"/>
        <line num="42" count="0" type="stmt"/>
        <line num="45" count="0" type="stmt"/>
      </file>
      <file name="index.js" path="C:\Sudhir\Projects\FrontCamp\ReactJs\ReactJs\src\features\search\search-form\index.js">
        <metrics statements="0" coveredstatements="0" conditionals="0" coveredconditionals="0" methods="0" coveredmethods="0"/>
      </file>
    </package>
    <package name="features.search.search-results">
      <metrics statements="5" coveredstatements="4" conditionals="2" coveredconditionals="1" methods="3" coveredmethods="2"/>
      <file name="container.js" path="C:\Sudhir\Projects\FrontCamp\ReactJs\ReactJs\src\features\search\search-results\container.js">
        <metrics statements="5" coveredstatements="4" conditionals="2" coveredconditionals="1" methods="3" coveredmethods="2"/>
        <line num="6" count="1" type="stmt"/>
        <line num="10" count="1" type="stmt"/>
        <line num="11" count="0" type="stmt"/>
        <line num="16" count="1" type="stmt"/>
        <line num="17" count="1" type="stmt"/>
      </file>
      <file name="index.js" path="C:\Sudhir\Projects\FrontCamp\ReactJs\ReactJs\src\features\search\search-results\index.js">
        <metrics statements="0" coveredstatements="0" conditionals="0" coveredconditionals="0" methods="0" coveredmethods="0"/>
      </file>
    </package>
    <package name="shared.movie-card">
      <metrics statements="4" coveredstatements="0" conditionals="0" coveredconditionals="0" methods="3" coveredmethods="0"/>
      <file name="container.js" path="C:\Sudhir\Projects\FrontCamp\ReactJs\ReactJs\src\shared\movie-card\container.js">
        <metrics statements="4" coveredstatements="0" conditionals="0" coveredconditionals="0" methods="3" coveredmethods="0"/>
        <line num="5" count="0" type="stmt"/>
        <line num="8" count="0" type="stmt"/>
        <line num="9" count="0" type="stmt"/>
        <line num="10" count="0" type="stmt"/>
      </file>
      <file name="index.js" path="C:\Sudhir\Projects\FrontCamp\ReactJs\ReactJs\src\shared\movie-card\index.js">
        <metrics statements="0" coveredstatements="0" conditionals="0" coveredconditionals="0" methods="0" coveredmethods="0"/>
      </file>
    </package>
    <package name="shared.movie-list">
      <metrics statements="3" coveredstatements="2" conditionals="0" coveredconditionals="0" methods="2" coveredmethods="1"/>
      <file name="container.js" path="C:\Sudhir\Projects\FrontCamp\ReactJs\ReactJs\src\shared\movie-list\container.js">
        <metrics statements="3" coveredstatements="2" conditionals="0" coveredconditionals="0" methods="2" coveredmethods="1"/>
        <line num="4" count="2" type="stmt"/>
        <line num="5" count="1" type="stmt"/>
        <line num="7" count="0" type="stmt"/>
      </file>
      <file name="index.js" path="C:\Sudhir\Projects\FrontCamp\ReactJs\ReactJs\src\shared\movie-list\index.js">
        <metrics statements="0" coveredstatements="0" conditionals="0" coveredconditionals="0" methods="0" coveredmethods="0"/>
      </file>
    </package>
  </project>
</coverage>
