{"C:\\Sudhir\\Projects\\FrontCamp\\ReactJs\\ReactJs\\src\\core\\state\\actions.js": {"path":"C:\\Sudhir\\Projects\\FrontCamp\\ReactJs\\ReactJs\\src\\core\\state\\actions.js","statementMap":{"0":{"start":{"line":2,"column":28},"end":{"line":2,"column":42}},"1":{"start":{"line":3,"column":33},"end":{"line":3,"column":52}},"2":{"start":{"line":36,"column":26},"end":{"line":41,"column":1}},"3":{"start":{"line":37,"column":4},"end":{"line":40,"column":5}},"4":{"start":{"line":43,"column":28},"end":{"line":48,"column":1}},"5":{"start":{"line":44,"column":4},"end":{"line":47,"column":5}}},"fnMap":{"0":{"name":"(anonymous_0)","decl":{"start":{"line":36,"column":26},"end":{"line":36,"column":27}},"loc":{"start":{"line":36,"column":38},"end":{"line":41,"column":1}},"line":36},"1":{"name":"(anonymous_1)","decl":{"start":{"line":43,"column":28},"end":{"line":43,"column":29}},"loc":{"start":{"line":43,"column":42},"end":{"line":48,"column":1}},"line":43}},"branchMap":{},"s":{"0":2,"1":2,"2":2,"3":0,"4":2,"5":0},"f":{"0":0,"1":0},"b":{},"_coverageSchema":"43e27e138ebf9cfc5966b082cf9a028302ed4184","hash":"0ea93634e235b8537807c36d15b5e83be65dda26"}
,"C:\\Sudhir\\Projects\\FrontCamp\\ReactJs\\ReactJs\\src\\features\\details\\container.js": {"path":"C:\\Sudhir\\Projects\\FrontCamp\\ReactJs\\ReactJs\\src\\features\\details\\container.js","statementMap":{"0":{"start":{"line":8,"column":8},"end":{"line":8,"column":21}},"1":{"start":{"line":9,"column":8},"end":{"line":11,"column":9}},"2":{"start":{"line":12,"column":8},"end":{"line":17,"column":9}},"3":{"start":{"line":13,"column":12},"end":{"line":16,"column":15}},"4":{"start":{"line":14,"column":16},"end":{"line":14,"column":46}},"5":{"start":{"line":20,"column":20},"end":{"line":24,"column":5}},"6":{"start":{"line":21,"column":8},"end":{"line":23,"column":11}},"7":{"start":{"line":22,"column":12},"end":{"line":22,"column":30}},"8":{"start":{"line":27,"column":8},"end":{"line":47,"column":9}},"9":{"start":{"line":51,"column":31},"end":{"line":54,"column":2}},"10":{"start":{"line":51,"column":41},"end":{"line":54,"column":1}}},"fnMap":{"0":{"name":"(anonymous_0)","decl":{"start":{"line":7,"column":4},"end":{"line":7,"column":5}},"loc":{"start":{"line":7,"column":23},"end":{"line":18,"column":5}},"line":7},"1":{"name":"(anonymous_1)","decl":{"start":{"line":13,"column":93},"end":{"line":13,"column":94}},"loc":{"start":{"line":13,"column":100},"end":{"line":16,"column":13}},"line":13},"2":{"name":"(anonymous_2)","decl":{"start":{"line":20,"column":20},"end":{"line":20,"column":21}},"loc":{"start":{"line":20,"column":29},"end":{"line":24,"column":5}},"line":20},"3":{"name":"(anonymous_3)","decl":{"start":{"line":21,"column":31},"end":{"line":21,"column":32}},"loc":{"start":{"line":21,"column":39},"end":{"line":23,"column":9}},"line":21},"4":{"name":"(anonymous_4)","decl":{"start":{"line":26,"column":4},"end":{"line":26,"column":5}},"loc":{"start":{"line":26,"column":13},"end":{"line":48,"column":5}},"line":26},"5":{"name":"(anonymous_5)","decl":{"start":{"line":51,"column":31},"end":{"line":51,"column":32}},"loc":{"start":{"line":51,"column":41},"end":{"line":54,"column":1}},"line":51}},"branchMap":{"0":{"loc":{"start":{"line":12,"column":8},"end":{"line":17,"column":9}},"type":"if","locations":[{"start":{"line":12,"column":8},"end":{"line":17,"column":9}},{"start":{"line":12,"column":8},"end":{"line":17,"column":9}}],"line":12},"1":{"loc":{"start":{"line":12,"column":12},"end":{"line":12,"column":58}},"type":"binary-expr","locations":[{"start":{"line":12,"column":12},"end":{"line":12,"column":28}},{"start":{"line":12,"column":32},"end":{"line":12,"column":58}}],"line":12},"2":{"loc":{"start":{"line":31,"column":34},"end":{"line":31,"column":100}},"type":"cond-expr","locations":[{"start":{"line":31,"column":67},"end":{"line":31,"column":95}},{"start":{"line":31,"column":98},"end":{"line":31,"column":100}}],"line":31},"3":{"loc":{"start":{"line":31,"column":34},"end":{"line":31,"column":64}},"type":"binary-expr","locations":[{"start":{"line":31,"column":34},"end":{"line":31,"column":44}},{"start":{"line":31,"column":48},"end":{"line":31,"column":64}}],"line":31},"4":{"loc":{"start":{"line":35,"column":60},"end":{"line":35,"column":120}},"type":"cond-expr","locations":[{"start":{"line":35,"column":93},"end":{"line":35,"column":115}},{"start":{"line":35,"column":118},"end":{"line":35,"column":120}}],"line":35},"5":{"loc":{"start":{"line":35,"column":60},"end":{"line":35,"column":90}},"type":"binary-expr","locations":[{"start":{"line":35,"column":60},"end":{"line":35,"column":70}},{"start":{"line":35,"column":74},"end":{"line":35,"column":90}}],"line":35},"6":{"loc":{"start":{"line":38,"column":57},"end":{"line":38,"column":116}},"type":"cond-expr","locations":[{"start":{"line":38,"column":90},"end":{"line":38,"column":111}},{"start":{"line":38,"column":114},"end":{"line":38,"column":116}}],"line":38},"7":{"loc":{"start":{"line":38,"column":57},"end":{"line":38,"column":87}},"type":"binary-expr","locations":[{"start":{"line":38,"column":57},"end":{"line":38,"column":67}},{"start":{"line":38,"column":71},"end":{"line":38,"column":87}}],"line":38},"8":{"loc":{"start":{"line":38,"column":193},"end":{"line":38,"column":255}},"type":"cond-expr","locations":[{"start":{"line":38,"column":226},"end":{"line":38,"column":250}},{"start":{"line":38,"column":253},"end":{"line":38,"column":255}}],"line":38},"9":{"loc":{"start":{"line":38,"column":193},"end":{"line":38,"column":223}},"type":"binary-expr","locations":[{"start":{"line":38,"column":193},"end":{"line":38,"column":203}},{"start":{"line":38,"column":207},"end":{"line":38,"column":223}}],"line":38},"10":{"loc":{"start":{"line":41,"column":32},"end":{"line":41,"column":95}},"type":"cond-expr","locations":[{"start":{"line":41,"column":65},"end":{"line":41,"column":90}},{"start":{"line":41,"column":93},"end":{"line":41,"column":95}}],"line":41},"11":{"loc":{"start":{"line":41,"column":32},"end":{"line":41,"column":62}},"type":"binary-expr","locations":[{"start":{"line":41,"column":32},"end":{"line":41,"column":42}},{"start":{"line":41,"column":46},"end":{"line":41,"column":62}}],"line":41}},"s":{"0":1,"1":1,"2":1,"3":0,"4":0,"5":1,"6":0,"7":0,"8":1,"9":1,"10":1},"f":{"0":1,"1":0,"2":0,"3":0,"4":1,"5":1},"b":{"0":[0,1],"1":[1,0],"2":[1,0],"3":[1,1],"4":[1,0],"5":[1,1],"6":[1,0],"7":[1,1],"8":[1,0],"9":[1,1],"10":[1,0],"11":[1,1]},"_coverageSchema":"43e27e138ebf9cfc5966b082cf9a028302ed4184","hash":"f99a872320fa0aa45a37e9b31ea43145183ab212"}
,"C:\\Sudhir\\Projects\\FrontCamp\\ReactJs\\ReactJs\\src\\features\\search\\container.js": {"path":"C:\\Sudhir\\Projects\\FrontCamp\\ReactJs\\ReactJs\\src\\features\\search\\container.js","statementMap":{"0":{"start":{"line":11,"column":8},"end":{"line":11,"column":21}},"1":{"start":{"line":12,"column":8},"end":{"line":14,"column":9}},"2":{"start":{"line":17,"column":24},"end":{"line":22,"column":5}},"3":{"start":{"line":18,"column":8},"end":{"line":21,"column":11}},"4":{"start":{"line":19,"column":12},"end":{"line":19,"column":46}},"5":{"start":{"line":26,"column":8},"end":{"line":31,"column":9}},"6":{"start":{"line":27,"column":27},"end":{"line":27,"column":73}},"7":{"start":{"line":28,"column":27},"end":{"line":28,"column":69}},"8":{"start":{"line":29,"column":27},"end":{"line":29,"column":111}},"9":{"start":{"line":30,"column":12},"end":{"line":30,"column":49}},"10":{"start":{"line":35,"column":16},"end":{"line":39,"column":5}},"11":{"start":{"line":36,"column":8},"end":{"line":38,"column":11}},"12":{"start":{"line":37,"column":12},"end":{"line":37,"column":30}},"13":{"start":{"line":41,"column":13},"end":{"line":48,"column":5}},"14":{"start":{"line":42,"column":8},"end":{"line":47,"column":10}},"15":{"start":{"line":55,"column":31},"end":{"line":58,"column":2}},"16":{"start":{"line":55,"column":41},"end":{"line":58,"column":1}}},"fnMap":{"0":{"name":"(anonymous_0)","decl":{"start":{"line":10,"column":4},"end":{"line":10,"column":5}},"loc":{"start":{"line":10,"column":23},"end":{"line":15,"column":5}},"line":10},"1":{"name":"(anonymous_1)","decl":{"start":{"line":17,"column":24},"end":{"line":17,"column":25}},"loc":{"start":{"line":17,"column":30},"end":{"line":22,"column":5}},"line":17},"2":{"name":"(anonymous_2)","decl":{"start":{"line":18,"column":50},"end":{"line":18,"column":51}},"loc":{"start":{"line":18,"column":57},"end":{"line":21,"column":9}},"line":18},"3":{"name":"(anonymous_3)","decl":{"start":{"line":25,"column":4},"end":{"line":25,"column":5}},"loc":{"start":{"line":25,"column":61},"end":{"line":32,"column":5}},"line":25},"4":{"name":"(anonymous_4)","decl":{"start":{"line":35,"column":16},"end":{"line":35,"column":17}},"loc":{"start":{"line":35,"column":25},"end":{"line":39,"column":5}},"line":35},"5":{"name":"(anonymous_5)","decl":{"start":{"line":36,"column":31},"end":{"line":36,"column":32}},"loc":{"start":{"line":36,"column":39},"end":{"line":38,"column":9}},"line":36},"6":{"name":"(anonymous_6)","decl":{"start":{"line":41,"column":13},"end":{"line":41,"column":14}},"loc":{"start":{"line":41,"column":19},"end":{"line":48,"column":5}},"line":41},"7":{"name":"(anonymous_7)","decl":{"start":{"line":55,"column":31},"end":{"line":55,"column":32}},"loc":{"start":{"line":55,"column":41},"end":{"line":58,"column":1}},"line":55}},"branchMap":{"0":{"loc":{"start":{"line":26,"column":8},"end":{"line":31,"column":9}},"type":"if","locations":[{"start":{"line":26,"column":8},"end":{"line":31,"column":9}},{"start":{"line":26,"column":8},"end":{"line":31,"column":9}}],"line":26},"1":{"loc":{"start":{"line":26,"column":12},"end":{"line":26,"column":96}},"type":"binary-expr","locations":[{"start":{"line":26,"column":12},"end":{"line":26,"column":53}},{"start":{"line":26,"column":57},"end":{"line":26,"column":96}}],"line":26},"2":{"loc":{"start":{"line":27,"column":27},"end":{"line":27,"column":73}},"type":"cond-expr","locations":[{"start":{"line":27,"column":49},"end":{"line":27,"column":68}},{"start":{"line":27,"column":71},"end":{"line":27,"column":73}}],"line":27},"3":{"loc":{"start":{"line":28,"column":27},"end":{"line":28,"column":69}},"type":"cond-expr","locations":[{"start":{"line":28,"column":47},"end":{"line":28,"column":64}},{"start":{"line":28,"column":67},"end":{"line":28,"column":69}}],"line":28}},"s":{"0":1,"1":1,"2":1,"3":0,"4":0,"5":0,"6":0,"7":0,"8":0,"9":0,"10":1,"11":0,"12":0,"13":1,"14":1,"15":1,"16":1},"f":{"0":1,"1":0,"2":0,"3":0,"4":0,"5":0,"6":1,"7":1},"b":{"0":[0,0],"1":[0,0],"2":[0,0],"3":[0,0]},"_coverageSchema":"43e27e138ebf9cfc5966b082cf9a028302ed4184","hash":"74800ca6bb4d76d4ad7b35434542cbde0f3b4b14"}
,"C:\\Sudhir\\Projects\\FrontCamp\\ReactJs\\ReactJs\\src\\features\\search\\utils.js": {"path":"C:\\Sudhir\\Projects\\FrontCamp\\ReactJs\\ReactJs\\src\\features\\search\\utils.js","statementMap":{"0":{"start":{"line":1,"column":28},"end":{"line":7,"column":1}},"1":{"start":{"line":3,"column":4},"end":{"line":5,"column":5}},"2":{"start":{"line":3,"column":16},"end":{"line":3,"column":17}},"3":{"start":{"line":4,"column":6},"end":{"line":4,"column":47}},"4":{"start":{"line":6,"column":4},"end":{"line":6,"column":15}}},"fnMap":{"0":{"name":"(anonymous_0)","decl":{"start":{"line":1,"column":28},"end":{"line":1,"column":29}},"loc":{"start":{"line":1,"column":45},"end":{"line":7,"column":1}},"line":1}},"branchMap":{},"s":{"0":1,"1":0,"2":0,"3":0,"4":0},"f":{"0":0},"b":{},"_coverageSchema":"43e27e138ebf9cfc5966b082cf9a028302ed4184","hash":"1362df7009c57d68186074968ce756b63f14e1f2"}
,"C:\\Sudhir\\Projects\\FrontCamp\\ReactJs\\ReactJs\\src\\features\\search\\search-form\\component.js": {"path":"C:\\Sudhir\\Projects\\FrontCamp\\ReactJs\\ReactJs\\src\\features\\search\\search-form\\component.js","statementMap":{"0":{"start":{"line":4,"column":35},"end":{"line":30,"column":1}},"1":{"start":{"line":5,"column":4},"end":{"line":29,"column":6}},"2":{"start":{"line":20,"column":45},"end":{"line":20,"column":69}},"3":{"start":{"line":21,"column":45},"end":{"line":21,"column":68}},"4":{"start":{"line":25,"column":41},"end":{"line":25,"column":70}},"5":{"start":{"line":26,"column":41},"end":{"line":26,"column":65}}},"fnMap":{"0":{"name":"(anonymous_0)","decl":{"start":{"line":4,"column":35},"end":{"line":4,"column":36}},"loc":{"start":{"line":4,"column":46},"end":{"line":30,"column":1}},"line":4},"1":{"name":"(anonymous_1)","decl":{"start":{"line":20,"column":37},"end":{"line":20,"column":38}},"loc":{"start":{"line":20,"column":43},"end":{"line":20,"column":71}},"line":20},"2":{"name":"(anonymous_2)","decl":{"start":{"line":21,"column":37},"end":{"line":21,"column":38}},"loc":{"start":{"line":21,"column":43},"end":{"line":21,"column":70}},"line":21},"3":{"name":"(anonymous_3)","decl":{"start":{"line":25,"column":33},"end":{"line":25,"column":34}},"loc":{"start":{"line":25,"column":39},"end":{"line":25,"column":72}},"line":25},"4":{"name":"(anonymous_4)","decl":{"start":{"line":26,"column":33},"end":{"line":26,"column":34}},"loc":{"start":{"line":26,"column":39},"end":{"line":26,"column":67}},"line":26}},"branchMap":{},"s":{"0":2,"1":1,"2":0,"3":0,"4":0,"5":0},"f":{"0":1,"1":0,"2":0,"3":0,"4":0},"b":{},"_coverageSchema":"43e27e138ebf9cfc5966b082cf9a028302ed4184","hash":"009244af0d021dba9d222e730e9d77958b25d7e2"}
,"C:\\Sudhir\\Projects\\FrontCamp\\ReactJs\\ReactJs\\src\\features\\search\\search-form\\container.js": {"path":"C:\\Sudhir\\Projects\\FrontCamp\\ReactJs\\ReactJs\\src\\features\\search\\search-form\\container.js","statementMap":{"0":{"start":{"line":8,"column":8},"end":{"line":8,"column":21}},"1":{"start":{"line":11,"column":20},"end":{"line":15,"column":5}},"2":{"start":{"line":12,"column":8},"end":{"line":14,"column":9}},"3":{"start":{"line":13,"column":12},"end":{"line":13,"column":58}},"4":{"start":{"line":17,"column":15},"end":{"line":19,"column":5}},"5":{"start":{"line":18,"column":8},"end":{"line":18,"column":37}},"6":{"start":{"line":21,"column":25},"end":{"line":23,"column":5}},"7":{"start":{"line":22,"column":8},"end":{"line":22,"column":54}},"8":{"start":{"line":27,"column":8},"end":{"line":29,"column":9}},"9":{"start":{"line":34,"column":31},"end":{"line":37,"column":2}},"10":{"start":{"line":34,"column":41},"end":{"line":37,"column":1}},"11":{"start":{"line":40,"column":27},"end":{"line":47,"column":2}},"12":{"start":{"line":40,"column":40},"end":{"line":47,"column":1}},"13":{"start":{"line":42,"column":8},"end":{"line":42,"column":38}},"14":{"start":{"line":45,"column":8},"end":{"line":45,"column":36}}},"fnMap":{"0":{"name":"(anonymous_0)","decl":{"start":{"line":7,"column":4},"end":{"line":7,"column":5}},"loc":{"start":{"line":7,"column":23},"end":{"line":9,"column":5}},"line":7},"1":{"name":"(anonymous_1)","decl":{"start":{"line":11,"column":20},"end":{"line":11,"column":21}},"loc":{"start":{"line":11,"column":26},"end":{"line":15,"column":5}},"line":11},"2":{"name":"(anonymous_2)","decl":{"start":{"line":17,"column":15},"end":{"line":17,"column":16}},"loc":{"start":{"line":17,"column":27},"end":{"line":19,"column":5}},"line":17},"3":{"name":"(anonymous_3)","decl":{"start":{"line":21,"column":25},"end":{"line":21,"column":26}},"loc":{"start":{"line":21,"column":32},"end":{"line":23,"column":5}},"line":21},"4":{"name":"(anonymous_4)","decl":{"start":{"line":26,"column":4},"end":{"line":26,"column":5}},"loc":{"start":{"line":26,"column":13},"end":{"line":30,"column":5}},"line":26},"5":{"name":"(anonymous_5)","decl":{"start":{"line":34,"column":31},"end":{"line":34,"column":32}},"loc":{"start":{"line":34,"column":41},"end":{"line":37,"column":1}},"line":34},"6":{"name":"(anonymous_6)","decl":{"start":{"line":40,"column":27},"end":{"line":40,"column":28}},"loc":{"start":{"line":40,"column":40},"end":{"line":47,"column":1}},"line":40},"7":{"name":"(anonymous_7)","decl":{"start":{"line":41,"column":17},"end":{"line":41,"column":18}},"loc":{"start":{"line":41,"column":28},"end":{"line":43,"column":5}},"line":41},"8":{"name":"(anonymous_8)","decl":{"start":{"line":44,"column":15},"end":{"line":44,"column":16}},"loc":{"start":{"line":44,"column":26},"end":{"line":46,"column":5}},"line":44}},"branchMap":{"0":{"loc":{"start":{"line":12,"column":8},"end":{"line":14,"column":9}},"type":"if","locations":[{"start":{"line":12,"column":8},"end":{"line":14,"column":9}},{"start":{"line":12,"column":8},"end":{"line":14,"column":9}}],"line":12}},"s":{"0":1,"1":1,"2":0,"3":0,"4":1,"5":0,"6":1,"7":0,"8":1,"9":2,"10":1,"11":2,"12":0,"13":0,"14":0},"f":{"0":1,"1":0,"2":0,"3":0,"4":1,"5":1,"6":0,"7":0,"8":0},"b":{"0":[0,0]},"_coverageSchema":"43e27e138ebf9cfc5966b082cf9a028302ed4184","hash":"4bd6e0abb551f2866085f09421e56dc67491b99d"}
,"C:\\Sudhir\\Projects\\FrontCamp\\ReactJs\\ReactJs\\src\\features\\search\\search-form\\index.js": {"path":"C:\\Sudhir\\Projects\\FrontCamp\\ReactJs\\ReactJs\\src\\features\\search\\search-form\\index.js","statementMap":{},"fnMap":{},"branchMap":{},"s":{},"f":{},"b":{},"_coverageSchema":"43e27e138ebf9cfc5966b082cf9a028302ed4184","hash":"dbddbf6ee6ab36f8496d10631d3018596003ad69"}
,"C:\\Sudhir\\Projects\\FrontCamp\\ReactJs\\ReactJs\\src\\features\\search\\search-results\\container.js": {"path":"C:\\Sudhir\\Projects\\FrontCamp\\ReactJs\\ReactJs\\src\\features\\search\\search-results\\container.js","statementMap":{"0":{"start":{"line":6,"column":8},"end":{"line":6,"column":21}},"1":{"start":{"line":10,"column":19},"end":{"line":14,"column":5}},"2":{"start":{"line":11,"column":8},"end":{"line":13,"column":11}},"3":{"start":{"line":16,"column":13},"end":{"line":21,"column":5}},"4":{"start":{"line":17,"column":8},"end":{"line":19,"column":10}}},"fnMap":{"0":{"name":"(anonymous_0)","decl":{"start":{"line":5,"column":4},"end":{"line":5,"column":5}},"loc":{"start":{"line":5,"column":23},"end":{"line":7,"column":5}},"line":5},"1":{"name":"(anonymous_1)","decl":{"start":{"line":10,"column":19},"end":{"line":10,"column":20}},"loc":{"start":{"line":10,"column":30},"end":{"line":14,"column":5}},"line":10},"2":{"name":"(anonymous_2)","decl":{"start":{"line":16,"column":13},"end":{"line":16,"column":14}},"loc":{"start":{"line":16,"column":19},"end":{"line":21,"column":5}},"line":16}},"branchMap":{"0":{"loc":{"start":{"line":18,"column":32},"end":{"line":18,"column":70}},"type":"cond-expr","locations":[{"start":{"line":18,"column":50},"end":{"line":18,"column":65}},{"start":{"line":18,"column":68},"end":{"line":18,"column":70}}],"line":18}},"s":{"0":1,"1":1,"2":0,"3":1,"4":1},"f":{"0":1,"1":0,"2":1},"b":{"0":[0,1]},"_coverageSchema":"43e27e138ebf9cfc5966b082cf9a028302ed4184","hash":"78fe3ae07afecbef72864b113df44d814e2e95ff"}
,"C:\\Sudhir\\Projects\\FrontCamp\\ReactJs\\ReactJs\\src\\features\\search\\search-results\\index.js": {"path":"C:\\Sudhir\\Projects\\FrontCamp\\ReactJs\\ReactJs\\src\\features\\search\\search-results\\index.js","statementMap":{},"fnMap":{},"branchMap":{},"s":{},"f":{},"b":{},"_coverageSchema":"43e27e138ebf9cfc5966b082cf9a028302ed4184","hash":"a36e8408a8dd288593a1def302e06692ebb13c03"}
,"C:\\Sudhir\\Projects\\FrontCamp\\ReactJs\\ReactJs\\src\\shared\\movie-card\\container.js": {"path":"C:\\Sudhir\\Projects\\FrontCamp\\ReactJs\\ReactJs\\src\\shared\\movie-card\\container.js","statementMap":{"0":{"start":{"line":5,"column":8},"end":{"line":5,"column":21}},"1":{"start":{"line":8,"column":22},"end":{"line":8,"column":38}},"2":{"start":{"line":9,"column":8},"end":{"line":17,"column":9}},"3":{"start":{"line":10,"column":55},"end":{"line":10,"column":85}}},"fnMap":{"0":{"name":"(anonymous_0)","decl":{"start":{"line":4,"column":4},"end":{"line":4,"column":5}},"loc":{"start":{"line":4,"column":23},"end":{"line":6,"column":5}},"line":4},"1":{"name":"(anonymous_1)","decl":{"start":{"line":7,"column":4},"end":{"line":7,"column":5}},"loc":{"start":{"line":7,"column":13},"end":{"line":18,"column":5}},"line":7},"2":{"name":"(anonymous_2)","decl":{"start":{"line":10,"column":49},"end":{"line":10,"column":50}},"loc":{"start":{"line":10,"column":55},"end":{"line":10,"column":85}},"line":10}},"branchMap":{},"s":{"0":0,"1":0,"2":0,"3":0},"f":{"0":0,"1":0,"2":0},"b":{},"_coverageSchema":"43e27e138ebf9cfc5966b082cf9a028302ed4184","hash":"33b40a72a2db457e55d82c1f3dbe547ee2be49c3"}
,"C:\\Sudhir\\Projects\\FrontCamp\\ReactJs\\ReactJs\\src\\shared\\movie-card\\index.js": {"path":"C:\\Sudhir\\Projects\\FrontCamp\\ReactJs\\ReactJs\\src\\shared\\movie-card\\index.js","statementMap":{},"fnMap":{},"branchMap":{},"s":{},"f":{},"b":{},"_coverageSchema":"43e27e138ebf9cfc5966b082cf9a028302ed4184","hash":"67cad2b98190d58a40f837e4c2b2eb3df26aa493"}
,"C:\\Sudhir\\Projects\\FrontCamp\\ReactJs\\ReactJs\\src\\shared\\movie-list\\container.js": {"path":"C:\\Sudhir\\Projects\\FrontCamp\\ReactJs\\ReactJs\\src\\shared\\movie-list\\container.js","statementMap":{"0":{"start":{"line":4,"column":26},"end":{"line":10,"column":1}},"1":{"start":{"line":5,"column":4},"end":{"line":9,"column":5}},"2":{"start":{"line":7,"column":39},"end":{"line":7,"column":129}}},"fnMap":{"0":{"name":"(anonymous_0)","decl":{"start":{"line":4,"column":26},"end":{"line":4,"column":27}},"loc":{"start":{"line":4,"column":37},"end":{"line":10,"column":1}},"line":4},"1":{"name":"(anonymous_1)","decl":{"start":{"line":7,"column":30},"end":{"line":7,"column":31}},"loc":{"start":{"line":7,"column":39},"end":{"line":7,"column":129}},"line":7}},"branchMap":{},"s":{"0":2,"1":1,"2":0},"f":{"0":1,"1":0},"b":{},"_coverageSchema":"43e27e138ebf9cfc5966b082cf9a028302ed4184","hash":"341c68310ec934ccdecc5a092644f60e71a042d5"}
,"C:\\Sudhir\\Projects\\FrontCamp\\ReactJs\\ReactJs\\src\\shared\\movie-list\\index.js": {"path":"C:\\Sudhir\\Projects\\FrontCamp\\ReactJs\\ReactJs\\src\\shared\\movie-list\\index.js","statementMap":{},"fnMap":{},"branchMap":{},"s":{},"f":{},"b":{},"_coverageSchema":"43e27e138ebf9cfc5966b082cf9a028302ed4184","hash":"5751f601003c8180308542c95ffbeea1a308bd2b"}
}
